# JRE version: Java(TM) SE Runtime Environment (17.0.6+9) (build 17.0.6+9-LTS-190)
# Java VM: Java HotSpot(TM) 64-Bit Server VM (17.0.6+9-LTS-190, mixed mode, sharing, tiered, compressed oops, compressed class ptrs, g1 gc, windows-amd64)
GC Precious Log:
 CPUs: 4 total, 4 available
 Memory: 3948M
 Large Page Support: Disabled
 NUMA Support: Disabled
 Compressed Oops: Enabled (32-bit)
 Heap Region Size: 1M
 Heap Min Capacity: 64M
 Heap Initial Capacity: 64M
 Heap Max Capacity: 64M
 Pre-touch: Disabled
 Parallel Workers: 4
 Concurrent Workers: 1
 Concurrent Refinement Workers: 4
 Periodic GC: Disabled
Heap:
 garbage-first heap   total 65536K, used 24762K [0x00000000fc000000, 0x0000000100000000)
  region size 1024K, 14 young (14336K), 1 survivors (1024K)
 Metaspace       used 9046K, committed 9216K, reserved 1064960K
  class space    used 1182K, committed 1280K, reserved 1048576K
GC Heap History (20 events):
Event: 50301.958 GC heap before
{Heap before GC invocations=7 (full 0):
 garbage-first heap   total 65536K, used 14527K [0x00000000fc000000, 0x0000000100000000)
  region size 1024K, 3 young (3072K), 1 survivors (1024K)
 Metaspace       used 9043K, committed 9216K, reserved 1064960K
  class space    used 1182K, committed 1280K, reserved 1048576K
}
Event: 50302.921 GC heap after
{Heap after GC invocations=8 (full 0):
 garbage-first heap   total 65536K, used 12469K [0x00000000fc000000, 0x0000000100000000)
  region size 1024K, 1 young (1024K), 1 survivors (1024K)
 Metaspace       used 9043K, committed 9216K, reserved 1064960K
  class space    used 1182K, committed 1280K, reserved 1048576K
}
Event: 50318.199 GC heap before
{Heap before GC invocations=8 (full 0):
 garbage-first heap   total 65536K, used 14517K [0x00000000fc000000, 0x0000000100000000)
  region size 1024K, 3 young (3072K), 1 survivors (1024K)
 Metaspace       used 9043K, committed 9216K, reserved 1064960K
  class space    used 1182K, committed 1280K, reserved 1048576K
}
Event: 50318.759 GC heap after
{Heap after GC invocations=9 (full 0):
 garbage-first heap   total 65536K, used 12469K [0x00000000fc000000, 0x0000000100000000)
  region size 1024K, 1 young (1024K), 1 survivors (1024K)
 Metaspace       used 9043K, committed 9216K, reserved 1064960K
  class space    used 1182K, committed 1280K, reserved 1048576K
}
Event: 50318.855 GC heap before
{Heap before GC invocations=9 (full 0):
 garbage-first heap   total 65536K, used 14517K [0x00000000fc000000, 0x0000000100000000)
  region size 1024K, 3 young (3072K), 1 survivors (1024K)
 Metaspace       used 9043K, committed 9216K, reserved 1064960K
  class space    used 1182K, committed 1280K, reserved 1048576K
}
Event: 50318.856 GC heap after
{Heap after GC invocations=10 (full 0):
 garbage-first heap   total 65536K, used 12471K [0x00000000fc000000, 0x0000000100000000)
  region size 1024K, 1 young (1024K), 1 survivors (1024K)
 Metaspace       used 9043K, committed 9216K, reserved 1064960K
  class space    used 1182K, committed 1280K, reserved 1048576K
}
Event: 50319.544 GC heap before
{Heap before GC invocations=10 (full 0):
 garbage-first heap   total 65536K, used 14519K [0x00000000fc000000, 0x0000000100000000)
  region size 1024K, 3 young (3072K), 1 survivors (1024K)
 Metaspace       used 9043K, committed 9216K, reserved 1064960K
  class space    used 1182K, committed 1280K, reserved 1048576K
}
Event: 50319.668 GC heap after
{Heap after GC invocations=11 (full 0):
 garbage-first heap   total 65536K, used 12471K [0x00000000fc000000, 0x0000000100000000)
  region size 1024K, 1 young (1024K), 1 survivors (1024K)
 Metaspace       used 9043K, committed 9216K, reserved 1064960K
  class space    used 1182K, committed 1280K, reserved 1048576K
}
Event: 50324.155 GC heap before
{Heap before GC invocations=11 (full 0):
 garbage-first heap   total 65536K, used 14519K [0x00000000fc000000, 0x0000000100000000)
  region size 1024K, 3 young (3072K), 1 survivors (1024K)
 Metaspace       used 9043K, committed 9216K, reserved 1064960K
  class space    used 1182K, committed 1280K, reserved 1048576K
}
Event: 50324.359 GC heap after
{Heap after GC invocations=12 (full 0):
 garbage-first heap   total 65536K, used 12469K [0x00000000fc000000, 0x0000000100000000)
  region size 1024K, 1 young (1024K), 1 survivors (1024K)
 Metaspace       used 9043K, committed 9216K, reserved 1064960K
  class space    used 1182K, committed 1280K, reserved 1048576K
}
Event: 50324.457 GC heap before
{Heap before GC invocations=12 (full 0):
 garbage-first heap   total 65536K, used 14517K [0x00000000fc000000, 0x0000000100000000)
  region size 1024K, 3 young (3072K), 1 survivors (1024K)
 Metaspace       used 9043K, committed 9216K, reserved 1064960K
  class space    used 1182K, committed 1280K, reserved 1048576K
}
Event: 50324.457 GC heap after
{Heap after GC invocations=13 (full 0):
 garbage-first heap   total 65536K, used 12469K [0x00000000fc000000, 0x0000000100000000)
  region size 1024K, 1 young (1024K), 1 survivors (1024K)
 Metaspace       used 9043K, committed 9216K, reserved 1064960K
  class space    used 1182K, committed 1280K, reserved 1048576K
}
Event: 50326.510 GC heap before
{Heap before GC invocations=13 (full 0):
 garbage-first heap   total 65536K, used 14517K [0x00000000fc000000, 0x0000000100000000)
  region size 1024K, 3 young (3072K), 1 survivors (1024K)
 Metaspace       used 9043K, committed 9216K, reserved 1064960K
  class space    used 1182K, committed 1280K, reserved 1048576K
}
Event: 50326.510 GC heap after
{Heap after GC invocations=14 (full 0):
 garbage-first heap   total 65536K, used 12469K [0x00000000fc000000, 0x0000000100000000)
  region size 1024K, 1 young (1024K), 1 survivors (1024K)
 Metaspace       used 9043K, committed 9216K, reserved 1064960K
  class space    used 1182K, committed 1280K, reserved 1048576K
}
Event: 50326.861 GC heap before
{Heap before GC invocations=14 (full 0):
 garbage-first heap   total 65536K, used 14517K [0x00000000fc000000, 0x0000000100000000)
  region size 1024K, 3 young (3072K), 1 survivors (1024K)
 Metaspace       used 9045K, committed 9216K, reserved 1064960K
  class space    used 1182K, committed 1280K, reserved 1048576K
}
Event: 50326.862 GC heap after
{Heap after GC invocations=15 (full 0):
 garbage-first heap   total 65536K, used 12469K [0x00000000fc000000, 0x0000000100000000)
  region size 1024K, 1 young (1024K), 1 survivors (1024K)
 Metaspace       used 9045K, committed 9216K, reserved 1064960K
  class space    used 1182K, committed 1280K, reserved 1048576K
}
Event: 50327.157 GC heap before
{Heap before GC invocations=15 (full 0):
 garbage-first heap   total 65536K, used 14517K [0x00000000fc000000, 0x0000000100000000)
  region size 1024K, 3 young (3072K), 1 survivors (1024K)
 Metaspace       used 9045K, committed 9216K, reserved 1064960K
  class space    used 1182K, committed 1280K, reserved 1048576K
}
Event: 50327.158 GC heap after
{Heap after GC invocations=16 (full 0):
 garbage-first heap   total 65536K, used 12469K [0x00000000fc000000, 0x0000000100000000)
  region size 1024K, 1 young (1024K), 1 survivors (1024K)
 Metaspace       used 9045K, committed 9216K, reserved 1064960K
  class space    used 1182K, committed 1280K, reserved 1048576K
}
Event: 50327.431 GC heap before
{Heap before GC invocations=16 (full 0):
 garbage-first heap   total 65536K, used 14517K [0x00000000fc000000, 0x0000000100000000)
  region size 1024K, 3 young (3072K), 1 survivors (1024K)
 Metaspace       used 9045K, committed 9216K, reserved 1064960K
  class space    used 1182K, committed 1280K, reserved 1048576K
}
Event: 50327.432 GC heap after
{Heap after GC invocations=17 (full 0):
 garbage-first heap   total 65536K, used 12469K [0x00000000fc000000, 0x0000000100000000)
  region size 1024K, 1 young (1024K), 1 survivors (1024K)
 Metaspace       used 9045K, committed 9216K, reserved 1064960K
  class space    used 1182K, committed 1280K, reserved 1048576K
}

