# JRE version: Java(TM) SE Runtime Environment (17.0.6+9) (build 17.0.6+9-LTS-190)
# Java VM: Java HotSpot(TM) 64-Bit Server VM (17.0.6+9-LTS-190, mixed mode, emulated-client, sharing, tiered, compressed oops, compressed class ptrs, g1 gc, windows-amd64)
GC Precious Log:
 CPUs: 4 total, 4 available
 Memory: 3948M
 Large Page Support: Disabled
 NUMA Support: Disabled
 Compressed Oops: Enabled (32-bit)
 Heap Region Size: 1M
 Heap Min Capacity: 8M
 Heap Initial Capacity: 62M
 Heap Max Capacity: 988M
 Pre-touch: Disabled
 Parallel Workers: 4
 Concurrent Workers: 1
 Concurrent Refinement Workers: 4
 Periodic GC: Disabled
Heap:
 garbage-first heap   total 58368K, used 26861K [0x00000000c2400000, 0x0000000100000000)
  region size 1024K, 15 young (15360K), 5 survivors (5120K)
 Metaspace       used 27158K, committed 27456K, reserved 1073152K
  class space    used 3935K, committed 4096K, reserved 1048576K
GC Heap History (16 events):
Event: 0.802 GC heap before
{Heap before GC invocations=0 (full 0):
 garbage-first heap   total 63488K, used 13312K [0x00000000c2400000, 0x0000000100000000)
  region size 1024K, 13 young (13312K), 0 survivors (0K)
 Metaspace       used 1918K, committed 2048K, reserved 1056768K
  class space    used 220K, committed 256K, reserved 1048576K
}
Event: 0.809 GC heap after
{Heap after GC invocations=1 (full 0):
 garbage-first heap   total 63488K, used 7392K [0x00000000c2400000, 0x0000000100000000)
  region size 1024K, 2 young (2048K), 2 survivors (2048K)
 Metaspace       used 1918K, committed 2048K, reserved 1056768K
  class space    used 220K, committed 256K, reserved 1048576K
}
Event: 1.138 GC heap before
{Heap before GC invocations=1 (full 0):
 garbage-first heap   total 63488K, used 16608K [0x00000000c2400000, 0x0000000100000000)
  region size 1024K, 12 young (12288K), 2 survivors (2048K)
 Metaspace       used 4487K, committed 4672K, reserved 1056768K
  class space    used 595K, committed 704K, reserved 1048576K
}
Event: 1.143 GC heap after
{Heap after GC invocations=2 (full 0):
 garbage-first heap   total 63488K, used 8181K [0x00000000c2400000, 0x0000000100000000)
  region size 1024K, 1 young (1024K), 1 survivors (1024K)
 Metaspace       used 4487K, committed 4672K, reserved 1056768K
  class space    used 595K, committed 704K, reserved 1048576K
}
Event: 1.712 GC heap before
{Heap before GC invocations=2 (full 0):
 garbage-first heap   total 63488K, used 25589K [0x00000000c2400000, 0x0000000100000000)
  region size 1024K, 19 young (19456K), 1 survivors (1024K)
 Metaspace       used 8005K, committed 8256K, reserved 1064960K
  class space    used 1133K, committed 1216K, reserved 1048576K
}
Event: 1.720 GC heap after
{Heap after GC invocations=3 (full 0):
 garbage-first heap   total 63488K, used 9472K [0x00000000c2400000, 0x0000000100000000)
  region size 1024K, 2 young (2048K), 2 survivors (2048K)
 Metaspace       used 8005K, committed 8256K, reserved 1064960K
  class space    used 1133K, committed 1216K, reserved 1048576K
}
Event: 2.181 GC heap before
{Heap before GC invocations=3 (full 0):
 garbage-first heap   total 63488K, used 36096K [0x00000000c2400000, 0x0000000100000000)
  region size 1024K, 29 young (29696K), 2 survivors (2048K)
 Metaspace       used 13275K, committed 13504K, reserved 1064960K
  class space    used 1895K, committed 2048K, reserved 1048576K
}
Event: 2.188 GC heap after
{Heap after GC invocations=4 (full 0):
 garbage-first heap   total 63488K, used 10909K [0x00000000c2400000, 0x0000000100000000)
  region size 1024K, 4 young (4096K), 4 survivors (4096K)
 Metaspace       used 13275K, committed 13504K, reserved 1064960K
  class space    used 1895K, committed 2048K, reserved 1048576K
}
Event: 2.640 GC heap before
{Heap before GC invocations=4 (full 0):
 garbage-first heap   total 63488K, used 39581K [0x00000000c2400000, 0x0000000100000000)
  region size 1024K, 33 young (33792K), 4 survivors (4096K)
 Metaspace       used 18243K, committed 18496K, reserved 1073152K
  class space    used 2505K, committed 2624K, reserved 1048576K
}
Event: 2.652 GC heap after
{Heap after GC invocations=5 (full 0):
 garbage-first heap   total 63488K, used 14126K [0x00000000c2400000, 0x0000000100000000)
  region size 1024K, 5 young (5120K), 5 survivors (5120K)
 Metaspace       used 18243K, committed 18496K, reserved 1073152K
  class space    used 2505K, committed 2624K, reserved 1048576K
}
Event: 3.500 GC heap before
{Heap before GC invocations=5 (full 0):
 garbage-first heap   total 63488K, used 40750K [0x00000000c2400000, 0x0000000100000000)
  region size 1024K, 32 young (32768K), 5 survivors (5120K)
 Metaspace       used 20811K, committed 21120K, reserved 1073152K
  class space    used 2871K, committed 3008K, reserved 1048576K
}
Event: 3.513 GC heap after
{Heap after GC invocations=6 (full 0):
 garbage-first heap   total 76800K, used 15888K [0x00000000c2400000, 0x0000000100000000)
  region size 1024K, 3 young (3072K), 3 survivors (3072K)
 Metaspace       used 20811K, committed 21120K, reserved 1073152K
  class space    used 2871K, committed 3008K, reserved 1048576K
}
Event: 3.608 GC heap before
{Heap before GC invocations=6 (full 0):
 garbage-first heap   total 76800K, used 18960K [0x00000000c2400000, 0x0000000100000000)
  region size 1024K, 7 young (7168K), 3 survivors (3072K)
 Metaspace       used 21253K, committed 21504K, reserved 1073152K
  class space    used 2928K, committed 3072K, reserved 1048576K
}
Event: 3.615 GC heap after
{Heap after GC invocations=7 (full 0):
 garbage-first heap   total 76800K, used 15877K [0x00000000c2400000, 0x0000000100000000)
  region size 1024K, 3 young (3072K), 3 survivors (3072K)
 Metaspace       used 21253K, committed 21504K, reserved 1073152K
  class space    used 2928K, committed 3072K, reserved 1048576K
}
Event: 4.935 GC heap before
{Heap before GC invocations=8 (full 0):
 garbage-first heap   total 58368K, used 48645K [0x00000000c2400000, 0x0000000100000000)
  region size 1024K, 36 young (36864K), 3 survivors (3072K)
 Metaspace       used 25844K, committed 26176K, reserved 1073152K
  class space    used 3743K, committed 3904K, reserved 1048576K
}
Event: 4.951 GC heap after
{Heap after GC invocations=9 (full 0):
 garbage-first heap   total 58368K, used 17645K [0x00000000c2400000, 0x0000000100000000)
  region size 1024K, 5 young (5120K), 5 survivors (5120K)
 Metaspace       used 25844K, committed 26176K, reserved 1073152K
  class space    used 3743K, committed 3904K, reserved 1048576K
}

